<?xml version="1.0" encoding="UTF-8"?>
<!-- Generated by org.testng.reporters.JUnitXMLReporter -->
<testsuite ignored="0" hostname="Anuprerna" failures="0" tests="8" name="Default test" time="2655.566" errors="0" timestamp="2024-11-26T10:42:29 IST">
  <testcase classname="ReportGenerate1.Test_Member" name="test_MemberSignUp" time="84.807"/>
  <testcase classname="ReportGenerate1.Test_Member" name="test_GetStartedPage" time="240.22"/>
  <testcase classname="ReportGenerate1.Test_Member" name="test_ContactUsandFaq" time="462.276"/>
  <testcase classname="ReportGenerate1.Test_Member" name="test_EditProfile" time="162.067"/>
  <testcase classname="ReportGenerate1.Test_Member" name="test_SearchAndDocListing" time="604.125"/>
  <testcase classname="ReportGenerate1.Test_Member" name="test_DoctorSignUp" time="542.173"/>
  <testcase classname="ReportGenerate1.Test_Member" name="test_DoctorEditProfile" time="248.745"/>
  <testcase classname="ReportGenerate1.Test_Member" name="test_ManageAppointmentMember" time="310.655"/>
</testsuite> <!-- Default test -->
